SF:lib/core/constants/app_routes.dart
DA:2,3
DA:3,3
LF:2
LH:2
end_of_record
SF:lib/features/home/presentation/home_screen.dart
DA:7,17
DA:9,0
DA:10,0
DA:14,0
DA:17,0
DA:19,0
DA:20,0
DA:21,0
DA:22,0
DA:26,0
DA:27,0
DA:28,0
DA:29,0
DA:32,0
LF:14
LH:1
end_of_record
SF:lib/features/login/presentation/login_screen.dart
DA:11,18
DA:13,2
DA:14,2
DA:22,2
DA:24,2
DA:25,2
DA:28,2
DA:30,2
DA:31,2
DA:32,2
DA:33,2
DA:34,2
DA:36,2
DA:37,2
DA:39,2
DA:42,1
DA:49,2
DA:51,2
DA:54,1
DA:55,1
DA:57,2
DA:65,2
DA:70,1
DA:71,3
DA:72,4
DA:73,6
DA:74,0
DA:75,0
DA:76,0
LF:29
LH:26
end_of_record
SF:lib/core/routes/app_router_config.dart
DA:7,6
DA:8,2
DA:9,4
DA:10,1
DA:12,2
DA:13,4
DA:14,0
DA:16,4
LF:8
LH:7
end_of_record
SF:lib/features/home/domain/entity/technology_posts_entity.dart
DA:9,3
LF:1
LH:1
end_of_record
SF:lib/features/home/presentation/widgets/tech_updates_list_item.dart
DA:6,2
DA:11,1
DA:13,1
DA:16,1
DA:17,1
DA:19,1
DA:20,1
DA:21,1
DA:23,1
DA:24,1
DA:30,1
DA:32,1
DA:33,1
DA:36,2
DA:39,1
DA:42,1
DA:43,1
DA:44,4
DA:51,1
DA:52,4
DA:60,1
DA:62,1
DA:63,1
DA:64,1
DA:65,5
DA:70,1
DA:71,1
DA:73,6
LF:28
LH:28
end_of_record
SF:lib/core/environment/domain_config.dart
DA:2,5
LF:1
LH:1
end_of_record
SF:lib/core/error/exceptions.dart
DA:5,2
DA:9,2
DA:13,1
DA:17,4
DA:21,4
LF:5
LH:5
end_of_record
SF:lib/core/injection_container.dart
DA:8,10
DA:9,10
DA:10,14
DA:12,10
DA:13,4
DA:14,4
DA:16,0
DA:18,6
LF:8
LH:7
end_of_record
SF:lib/core_impl/network_IO_service_impl.dart
DA:15,3
DA:17,1
DA:21,2
DA:22,1
DA:26,1
DA:27,2
DA:28,1
DA:29,2
DA:32,2
DA:33,3
DA:35,4
DA:36,4
DA:38,2
DA:39,2
DA:41,4
DA:42,1
DA:44,2
DA:48,3
DA:51,6
DA:52,1
DA:55,3
DA:56,3
DA:58,3
DA:60,4
DA:61,4
DA:63,2
DA:64,2
DA:66,4
DA:67,1
DA:69,2
LF:30
LH:30
end_of_record
SF:lib/core_impl/network_info_impl.dart
DA:7,3
DA:9,3
DA:10,7
LF:3
LH:3
end_of_record
SF:lib/core/ui_state/ui_state.dart
DA:6,5
DA:8,1
DA:13,1
DA:14,1
DA:15,1
DA:16,1
LF:6
LH:6
end_of_record
SF:lib/core/usecases/usecase.dart
DA:8,1
DA:9,1
LF:2
LH:2
end_of_record
SF:lib/features/home/data/data_mapper/home_data_mapper.dart
DA:5,1
DA:6,3
DA:7,1
DA:8,1
DA:9,1
DA:10,1
DA:11,1
DA:12,2
LF:8
LH:8
end_of_record
SF:lib/features/home/data/models/technology_posts_response_dto.dart
DA:19,2
DA:28,4
DA:30,2
LF:3
LH:3
end_of_record
SF:lib/features/home/data/models/technology_posts_response_dto.g.dart
DA:9,2
DA:11,2
DA:12,2
DA:13,2
DA:14,2
DA:15,2
DA:16,2
DA:17,2
DA:20,1
DA:22,1
DA:23,1
DA:24,1
DA:25,1
DA:26,1
DA:27,1
DA:28,1
LF:16
LH:16
end_of_record
SF:lib/features/home/data/repository/home_repository_impl.dart
DA:15,1
DA:17,1
DA:19,2
DA:20,1
DA:21,2
DA:22,1
DA:23,1
DA:24,1
DA:25,3
DA:26,1
DA:27,1
DA:28,1
DA:31,1
LF:13
LH:13
end_of_record
SF:lib/features/home/domain/usecase/home_screen_usecase.dart
DA:9,1
DA:11,1
DA:13,1
DA:14,1
DA:15,3
DA:18,1
DA:19,1
DA:20,1
DA:22,2
LF:9
LH:9
end_of_record
SF:lib/features/home/presentation/injection/home_screen_injection_container.dart
DA:11,0
DA:12,0
DA:15,3
DA:16,0
LF:4
LH:1
end_of_record
SF:lib/features/login/data/data_mapper/login_data_mapper.dart
DA:5,1
DA:6,4
LF:2
LH:2
end_of_record
SF:lib/features/login/data/models/login_response_dto.dart
DA:13,2
DA:19,4
DA:21,2
LF:3
LH:3
end_of_record
SF:lib/features/login/data/models/login_response_dto.g.dart
DA:9,2
DA:10,2
DA:11,2
DA:12,2
DA:13,2
DA:16,1
DA:17,1
DA:18,1
DA:19,1
DA:20,1
LF:10
LH:10
end_of_record
SF:lib/features/login/domain/entity/login_entity.dart
DA:6,2
LF:1
LH:1
end_of_record
SF:lib/features/login/data/repository/login_repository_impl.dart
DA:13,3
DA:15,3
DA:17,6
DA:18,3
DA:19,9
DA:21,1
DA:22,1
DA:23,1
LF:8
LH:8
end_of_record
SF:lib/features/login/domain/usecase/login_usecase.dart
DA:10,3
DA:12,3
DA:14,11
DA:17,1
DA:18,1
DA:19,1
DA:21,2
LF:7
LH:7
end_of_record
SF:lib/features/login/presentation/injection/login_usecase_injection_container.dart
DA:10,8
DA:11,6
DA:14,10
DA:15,8
LF:4
LH:4
end_of_record
SF:lib/features/login/presentation/widgets/input_text_field.dart
DA:5,2
DA:11,2
DA:18,2
DA:20,2
DA:21,2
DA:22,2
DA:24,4
DA:25,4
DA:26,2
LF:9
LH:9
end_of_record
SF:lib/main.dart
DA:6,0
DA:7,0
DA:8,0
DA:13,2
DA:15,1
DA:16,1
DA:20,1
DA:22,1
DA:23,2
DA:26,1
DA:29,1
DA:30,3
DA:31,1
DA:32,1
LF:14
LH:11
end_of_record
